<?xml version="1.0" encoding="UTF-8"?>
<testng-results skipped="0" failed="0" ignored="0" total="1" passed="1">
  <reporter-output>
  </reporter-output>
  <suite name="Default suite" duration-ms="21023" started-at="2019-09-10T05:09:50Z" finished-at="2019-09-10T05:10:11Z">
    <groups>
    </groups>
    <test name="Default test" duration-ms="21023" started-at="2019-09-10T05:09:50Z" finished-at="2019-09-10T05:10:11Z">
      <class name="demo.Testcasesclass">
        <test-method status="PASS" signature="beforeClass()[pri:0, instance:demo.Testcasesclass@2f8f11]" name="beforeClass" is-config="true" duration-ms="16568" started-at="2019-09-10T05:09:50Z" finished-at="2019-09-10T05:10:07Z">
          <reporter-output>
          </reporter-output>
        </test-method> <!-- beforeClass -->
        <test-method status="PASS" signature="registration()[pri:0, instance:demo.Testcasesclass@2f8f11]" name="registration" duration-ms="4415" started-at="2019-09-10T05:10:07Z" finished-at="2019-09-10T05:10:11Z">
          <reporter-output>
          </reporter-output>
        </test-method> <!-- registration -->
      </class> <!-- demo.Testcasesclass -->
    </test> <!-- Default test -->
  </suite> <!-- Default suite -->
</testng-results>
